<?xml version="1.0" encoding="UTF-8"?>
<testng-results skipped="0" failed="0" total="1" passed="1">
  <reporter-output>
  </reporter-output>
  <suite name="ProgettoBalneare" duration-ms="1430" started-at="2021-09-02T18:19:34Z" finished-at="2021-09-02T18:19:36Z">
    <groups>
    </groups>
    <test name="TestNG tests" duration-ms="1430" started-at="2021-09-02T18:19:34Z" finished-at="2021-09-02T18:19:36Z">
      <class name="it.unica.ProgettoBalneare.Repos.UserRepoTest">
        <test-method status="PASS" signature="testAddUser()[pri:0, instance:it.unica.ProgettoBalneare.Repos.UserRepoTest@52feb982]" name="testAddUser" duration-ms="1398" started-at="2021-09-02T11:19:34Z" finished-at="2021-09-02T11:19:36Z">
          <reporter-output>
          </reporter-output>
        </test-method> <!-- testAddUser -->
      </class> <!-- it.unica.ProgettoBalneare.Repos.UserRepoTest -->
    </test> <!-- TestNG tests -->
  </suite> <!-- ProgettoBalneare -->
</testng-results>
